[0610/111348:ERROR:renderer_main.cc(227)] Running without renderer sandbox
[0610/111351:INFO:CONSOLE(99)] "一张网页，要经历怎样的过程，才能抵达用户面前？
一位新人，要经历怎样的成长，才能站在技术之巅？
探寻这里的秘密；
体验这里的挑战；
成为这里的主人；
加入百度，加入网页搜索，你，可以影响世界。
", source: https://ss1.bdstatic.com/5eN1bjq8AAUYm2zgoY3K/r/www/cache/static/protocol/https/global/js/all_async_search_94c98938.js (99)
[0610/111351:INFO:CONSOLE(99)] "请将简历发送至 %c ps_recruiter@baidu.com（ 邮件标题请以“姓名-应聘XX职位-来自console”命名）", source: https://ss1.bdstatic.com/5eN1bjq8AAUYm2zgoY3K/r/www/cache/static/protocol/https/global/js/all_async_search_94c98938.js (99)
[0610/111351:INFO:CONSOLE(99)] "职位介绍：http://dwz.cn/hr2013", source: https://ss1.bdstatic.com/5eN1bjq8AAUYm2zgoY3K/r/www/cache/static/protocol/https/global/js/all_async_search_94c98938.js (99)
[0610/111815:ERROR:renderer_main.cc(227)] Running without renderer sandbox
[0610/111816:INFO:CONSOLE(99)] "一张网页，要经历怎样的过程，才能抵达用户面前？
一位新人，要经历怎样的成长，才能站在技术之巅？
探寻这里的秘密；
体验这里的挑战；
成为这里的主人；
加入百度，加入网页搜索，你，可以影响世界。
", source: https://ss1.bdstatic.com/5eN1bjq8AAUYm2zgoY3K/r/www/cache/static/protocol/https/global/js/all_async_search_94c98938.js (99)
[0610/111816:INFO:CONSOLE(99)] "请将简历发送至 %c ps_recruiter@baidu.com（ 邮件标题请以“姓名-应聘XX职位-来自console”命名）", source: https://ss1.bdstatic.com/5eN1bjq8AAUYm2zgoY3K/r/www/cache/static/protocol/https/global/js/all_async_search_94c98938.js (99)
[0610/111816:INFO:CONSOLE(99)] "职位介绍：http://dwz.cn/hr2013", source: https://ss1.bdstatic.com/5eN1bjq8AAUYm2zgoY3K/r/www/cache/static/protocol/https/global/js/all_async_search_94c98938.js (99)
[0610/111950:ERROR:renderer_main.cc(227)] Running without renderer sandbox
[0610/111951:INFO:CONSOLE(99)] "一张网页，要经历怎样的过程，才能抵达用户面前？
一位新人，要经历怎样的成长，才能站在技术之巅？
探寻这里的秘密；
体验这里的挑战；
成为这里的主人；
加入百度，加入网页搜索，你，可以影响世界。
", source: https://ss1.bdstatic.com/5eN1bjq8AAUYm2zgoY3K/r/www/cache/static/protocol/https/global/js/all_async_search_94c98938.js (99)
[0610/111951:INFO:CONSOLE(99)] "请将简历发送至 %c ps_recruiter@baidu.com（ 邮件标题请以“姓名-应聘XX职位-来自console”命名）", source: https://ss1.bdstatic.com/5eN1bjq8AAUYm2zgoY3K/r/www/cache/static/protocol/https/global/js/all_async_search_94c98938.js (99)
[0610/111951:INFO:CONSOLE(99)] "职位介绍：http://dwz.cn/hr2013", source: https://ss1.bdstatic.com/5eN1bjq8AAUYm2zgoY3K/r/www/cache/static/protocol/https/global/js/all_async_search_94c98938.js (99)
[0610/112120:ERROR:renderer_main.cc(227)] Running without renderer sandbox
[0610/112121:INFO:CONSOLE(99)] "一张网页，要经历怎样的过程，才能抵达用户面前？
一位新人，要经历怎样的成长，才能站在技术之巅？
探寻这里的秘密；
体验这里的挑战；
成为这里的主人；
加入百度，加入网页搜索，你，可以影响世界。
", source: https://ss1.bdstatic.com/5eN1bjq8AAUYm2zgoY3K/r/www/cache/static/protocol/https/global/js/all_async_search_94c98938.js (99)
[0610/112121:INFO:CONSOLE(99)] "请将简历发送至 %c ps_recruiter@baidu.com（ 邮件标题请以“姓名-应聘XX职位-来自console”命名）", source: https://ss1.bdstatic.com/5eN1bjq8AAUYm2zgoY3K/r/www/cache/static/protocol/https/global/js/all_async_search_94c98938.js (99)
[0610/112121:INFO:CONSOLE(99)] "职位介绍：http://dwz.cn/hr2013", source: https://ss1.bdstatic.com/5eN1bjq8AAUYm2zgoY3K/r/www/cache/static/protocol/https/global/js/all_async_search_94c98938.js (99)
[0610/112128:ERROR:ipc_channel_win.cc(405)] pipe error: 232
[0610/112244:ERROR:renderer_main.cc(227)] Running without renderer sandbox
[0610/112245:INFO:CONSOLE(99)] "一张网页，要经历怎样的过程，才能抵达用户面前？
一位新人，要经历怎样的成长，才能站在技术之巅？
探寻这里的秘密；
体验这里的挑战；
成为这里的主人；
加入百度，加入网页搜索，你，可以影响世界。
", source: https://ss1.bdstatic.com/5eN1bjq8AAUYm2zgoY3K/r/www/cache/static/protocol/https/global/js/all_async_search_94c98938.js (99)
[0610/112245:INFO:CONSOLE(99)] "请将简历发送至 %c ps_recruiter@baidu.com（ 邮件标题请以“姓名-应聘XX职位-来自console”命名）", source: https://ss1.bdstatic.com/5eN1bjq8AAUYm2zgoY3K/r/www/cache/static/protocol/https/global/js/all_async_search_94c98938.js (99)
[0610/112245:INFO:CONSOLE(99)] "职位介绍：http://dwz.cn/hr2013", source: https://ss1.bdstatic.com/5eN1bjq8AAUYm2zgoY3K/r/www/cache/static/protocol/https/global/js/all_async_search_94c98938.js (99)
[0610/112940:ERROR:renderer_main.cc(227)] Running without renderer sandbox
[0610/112941:INFO:CONSOLE(99)] "一张网页，要经历怎样的过程，才能抵达用户面前？
一位新人，要经历怎样的成长，才能站在技术之巅？
探寻这里的秘密；
体验这里的挑战；
成为这里的主人；
加入百度，加入网页搜索，你，可以影响世界。
", source: https://ss1.bdstatic.com/5eN1bjq8AAUYm2zgoY3K/r/www/cache/static/protocol/https/global/js/all_async_search_94c98938.js (99)
[0610/112941:INFO:CONSOLE(99)] "请将简历发送至 %c ps_recruiter@baidu.com（ 邮件标题请以“姓名-应聘XX职位-来自console”命名）", source: https://ss1.bdstatic.com/5eN1bjq8AAUYm2zgoY3K/r/www/cache/static/protocol/https/global/js/all_async_search_94c98938.js (99)
[0610/112941:INFO:CONSOLE(99)] "职位介绍：http://dwz.cn/hr2013", source: https://ss1.bdstatic.com/5eN1bjq8AAUYm2zgoY3K/r/www/cache/static/protocol/https/global/js/all_async_search_94c98938.js (99)
[0610/113103:ERROR:renderer_main.cc(227)] Running without renderer sandbox
[0610/113104:INFO:CONSOLE(99)] "一张网页，要经历怎样的过程，才能抵达用户面前？
一位新人，要经历怎样的成长，才能站在技术之巅？
探寻这里的秘密；
体验这里的挑战；
成为这里的主人；
加入百度，加入网页搜索，你，可以影响世界。
", source: https://ss1.bdstatic.com/5eN1bjq8AAUYm2zgoY3K/r/www/cache/static/protocol/https/global/js/all_async_search_94c98938.js (99)
[0610/113104:INFO:CONSOLE(99)] "请将简历发送至 %c ps_recruiter@baidu.com（ 邮件标题请以“姓名-应聘XX职位-来自console”命名）", source: https://ss1.bdstatic.com/5eN1bjq8AAUYm2zgoY3K/r/www/cache/static/protocol/https/global/js/all_async_search_94c98938.js (99)
[0610/113104:INFO:CONSOLE(99)] "职位介绍：http://dwz.cn/hr2013", source: https://ss1.bdstatic.com/5eN1bjq8AAUYm2zgoY3K/r/www/cache/static/protocol/https/global/js/all_async_search_94c98938.js (99)
[0610/113125:ERROR:renderer_main.cc(227)] Running without renderer sandbox
[0610/113126:INFO:CONSOLE(99)] "一张网页，要经历怎样的过程，才能抵达用户面前？
一位新人，要经历怎样的成长，才能站在技术之巅？
探寻这里的秘密；
体验这里的挑战；
成为这里的主人；
加入百度，加入网页搜索，你，可以影响世界。
", source: https://ss1.bdstatic.com/5eN1bjq8AAUYm2zgoY3K/r/www/cache/static/protocol/https/global/js/all_async_search_94c98938.js (99)
[0610/113126:INFO:CONSOLE(99)] "请将简历发送至 %c ps_recruiter@baidu.com（ 邮件标题请以“姓名-应聘XX职位-来自console”命名）", source: https://ss1.bdstatic.com/5eN1bjq8AAUYm2zgoY3K/r/www/cache/static/protocol/https/global/js/all_async_search_94c98938.js (99)
[0610/113126:INFO:CONSOLE(99)] "职位介绍：http://dwz.cn/hr2013", source: https://ss1.bdstatic.com/5eN1bjq8AAUYm2zgoY3K/r/www/cache/static/protocol/https/global/js/all_async_search_94c98938.js (99)
[0610/113939:ERROR:renderer_main.cc(227)] Running without renderer sandbox
[0610/113939:INFO:CONSOLE(97)] "一张网页，要经历怎样的过程，才能抵达用户面前？
一位新人，要经历怎样的成长，才能站在技术之巅？
探寻这里的秘密；
体验这里的挑战；
成为这里的主人；
加入百度，加入网页搜索，你，可以影响世界。
", source: https://ss1.bdstatic.com/5eN1bjq8AAUYm2zgoY3K/r/www/cache/static/protocol/https/global/js/all_instant_search1_45fbc25a.js (97)
[0610/113939:INFO:CONSOLE(97)] "请将简历发送至 %c ps_recruiter@baidu.com（ 邮件标题请以“姓名-应聘XX职位-来自console”命名）", source: https://ss1.bdstatic.com/5eN1bjq8AAUYm2zgoY3K/r/www/cache/static/protocol/https/global/js/all_instant_search1_45fbc25a.js (97)
[0610/113939:INFO:CONSOLE(97)] "职位介绍：http://dwz.cn/hr2013", source: https://ss1.bdstatic.com/5eN1bjq8AAUYm2zgoY3K/r/www/cache/static/protocol/https/global/js/all_instant_search1_45fbc25a.js (97)
[0610/114014:ERROR:renderer_main.cc(227)] Running without renderer sandbox
[0611/130840:ERROR:renderer_main.cc(227)] Running without renderer sandbox
[0611/131249:ERROR:renderer_main.cc(227)] Running without renderer sandbox
[0612/151024:ERROR:renderer_main.cc(226)] Running without renderer sandbox
[0612/153020:ERROR:renderer_main.cc(226)] Running without renderer sandbox
[0612/153031:ERROR:ipc_channel_win.cc(132)] pipe error: 109
[0728/172012:ERROR:renderer_main.cc(226)] Running without renderer sandbox
[0807/095145:ERROR:renderer_main.cc(226)] Running without renderer sandbox
[0807/095406:ERROR:renderer_main.cc(226)] Running without renderer sandbox
[1014/144324:ERROR:renderer_main.cc(226)] Running without renderer sandbox
[1014/144349:ERROR:renderer_main.cc(226)] Running without renderer sandbox
[1014/153550:ERROR:renderer_main.cc(226)] Running without renderer sandbox
